2026-03-28T08:14:00.418Z LOG: === BOT STARTUP ===
2026-03-28T08:14:00.426Z LOG: Time: 2026-03-28T08:14:00.426Z
2026-03-28T08:14:00.428Z LOG: Node version: v24.14.1
2026-03-28T08:14:00.428Z LOG: Loading main module...
2026-03-28T08:14:00.452Z LOG: DEBUG - EMAIL from env: ovenkittipat55@gmail.com
2026-03-28T08:14:00.453Z LOG: DEBUG - Config EMAIL: ovenkittipat55@gmail.com
2026-03-28T08:14:00.453Z LOG: [2026-03-28T08:14:00.453Z] INFO: ========================================
2026-03-28T08:14:00.455Z LOG: [2026-03-28T08:14:00.455Z] INFO:   IQ Option Trading Bot Starting...
2026-03-28T08:14:00.456Z LOG: [2026-03-28T08:14:00.456Z] INFO: ========================================
2026-03-28T08:14:00.458Z LOG: [2026-03-28T08:14:00.458Z] INFO: [1/4] Initializing News Filter...
2026-03-28T08:14:00.463Z LOG: [2026-03-28T08:14:00.463Z] INFO: News Filter initialized (OFFLINE MODE)
2026-03-28T08:14:00.468Z LOG: [2026-03-28T08:14:00.468Z] INFO: News Filter initialized (offline mode) [object Object]
2026-03-28T08:14:00.473Z LOG: [2026-03-28T08:14:00.473Z] INFO: News Filter Status: [object Object]
2026-03-28T08:14:00.475Z LOG: [2026-03-28T08:14:00.475Z] INFO: [2/4] Validating Configuration...
2026-03-28T08:14:00.476Z LOG: [2026-03-28T08:14:00.476Z] INFO: Configuration validated
2026-03-28T08:14:00.478Z LOG: [2026-03-28T08:14:00.478Z] INFO: [3/4] Initializing Trading Bot...
2026-03-28T08:14:00.699Z LOG: [2026-03-28T08:14:00.699Z] INFO: Initializing Trading Bot...
2026-03-28T08:14:00.701Z LOG: [2026-03-28T08:14:00.701Z] INFO: IQ Option credentials set [object Object]
2026-03-28T08:14:00.702Z LOG: [2026-03-28T08:14:00.702Z] INFO: Connecting to IQ Option API...
2026-03-28T08:14:00.704Z LOG: [2026-03-28T08:14:00.704Z] INFO: Login attempt [object Object]
2026-03-28T08:14:00.705Z LOG: [2026-03-28T08:14:00.705Z] INFO: Logging in...
2026-03-28T08:14:01.649Z LOG: [2026-03-28T08:14:01.649Z] INFO: Login successful, got SSID
2026-03-28T08:14:01.662Z LOG: ✅ LOGIN SUCCESS
2026-03-28T08:14:01.663Z LOG: [2026-03-28T08:14:01.663Z] INFO: Opening WebSocket connection...
2026-03-28T08:14:06.147Z LOG: [2026-03-28T08:14:06.147Z] INFO: WebSocket connected
2026-03-28T08:14:06.156Z LOG: [2026-03-28T08:14:06.156Z] INFO: Waiting for balances...
2026-03-28T08:14:06.164Z LOG: [2026-03-28T08:14:06.164Z] INFO: Balances loaded [object Object]
2026-03-28T08:14:06.166Z LOG: [2026-03-28T08:14:06.166Z] INFO: Balances received [object Object]
2026-03-28T08:14:06.168Z LOG: ✅ BALANCE: N/A
2026-03-28T08:14:06.168Z LOG: [2026-03-28T08:14:06.168Z] INFO: Account balances found [object Object]
2026-03-28T08:14:06.170Z LOG: [2026-03-28T08:14:06.170Z] INFO: PRACTICE account selected [object Object]
2026-03-28T08:14:06.172Z LOG: [2026-03-28T08:14:06.172Z] INFO: Successfully connected to IQ Option API [object Object]
2026-03-28T08:14:06.173Z LOG: [2026-03-28T08:14:06.173Z] INFO: News Filter initialized (offline mode) [object Object]
2026-03-28T08:14:06.175Z LOG: [2026-03-28T08:14:06.175Z] INFO: Risk Manager initialized [object Object]
2026-03-28T08:14:06.177Z LOG: [2026-03-28T08:14:06.177Z] INFO: Initializing Execution Engine...
2026-03-28T08:14:06.178Z LOG: [2026-03-28T08:14:06.178Z] INFO: Execution Engine initialized successfully
2026-03-28T08:14:06.180Z LOG: [2026-03-28T08:14:06.180Z] INFO: Trading Bot initialized successfully [object Object]
2026-03-28T08:14:06.181Z LOG: [2026-03-28T08:14:06.181Z] INFO: Trading Bot initialized
2026-03-28T08:14:06.183Z LOG: [2026-03-28T08:14:06.183Z] INFO: [4/4] Starting Trading...
2026-03-28T08:14:06.184Z LOG: [2026-03-28T08:14:06.184Z] INFO: ========================================
2026-03-28T08:14:06.185Z LOG: [2026-03-28T08:14:06.185Z] INFO:   BOT IS RUNNING
2026-03-28T08:14:06.186Z LOG: [2026-03-28T08:14:06.186Z] INFO: ========================================
2026-03-28T08:14:06.188Z LOG: [2026-03-28T08:14:06.188Z] INFO: Pairs: EURUSD,GBPUSD
2026-03-28T08:14:06.190Z LOG: [2026-03-28T08:14:06.190Z] INFO: Timeframe: 5
2026-03-28T08:14:06.191Z LOG: [2026-03-28T08:14:06.191Z] INFO: News Mode: OFFLINE
2026-03-28T08:14:06.192Z LOG: [2026-03-28T08:14:06.192Z] INFO: Press Ctrl+C to stop
2026-03-28T08:14:06.194Z LOG: [2026-03-28T08:14:06.194Z] INFO: ========================================
2026-03-28T08:14:06.196Z LOG: [2026-03-28T08:14:06.196Z] WARN: Bot is already running
2026-03-28T08:14:06.197Z LOG: ⚠️  Bot is already running
