{"timestamp":"2026-03-27T09:17:20.422Z","pair":"EURUSD","action":"CALL","result":{"pair":"EURUSD","direction":"CALL","amount":10,"result":"WIN","profit":8}}
{"timestamp":"2026-03-27T09:17:41.636Z","pair":"EURUSD","action":"CALL","result":{"pair":"EURUSD","direction":"CALL","amount":10,"result":"WIN","profit":8}}
{"timestamp":"2026-03-27T09:17:51.580Z","pair":"EURUSD","action":"CALL","result":{"pair":"EURUSD","direction":"CALL","amount":10,"result":"WIN","profit":8}}
{"timestamp":"2026-03-27T11:15:09.344Z","pair":"EURUSD","action":"BUY_CALL","result":{"amount":1,"expiry":1,"timestamp":"2026-03-27T11:15:09.344Z"}}
{"timestamp":"2026-03-27T11:40:09.483Z","pair":"EURUSD","action":"BUY_CALL","result":{"amount":1,"expiry":60,"timestamp":"2026-03-27T11:40:09.483Z"}}
{"timestamp":"2026-03-27T11:40:09.490Z","pair":"GBPUSD","action":"BUY_PUT","result":{"amount":2,"expiry":60,"timestamp":"2026-03-27T11:40:09.490Z"}}
{"timestamp":"2026-03-27T11:41:02.396Z","pair":"EURUSD","action":"BUY_CALL","result":{"amount":1,"expiry":60,"timestamp":"2026-03-27T11:41:02.396Z"}}
{"timestamp":"2026-03-27T11:41:02.400Z","pair":"GBPUSD","action":"BUY_PUT","result":{"amount":2,"expiry":60,"timestamp":"2026-03-27T11:41:02.400Z"}}
{"timestamp":"2026-03-27T11:41:52.667Z","pair":"EURUSD","action":"BUY_CALL","result":{"amount":1,"expiry":60,"timestamp":"2026-03-27T11:41:52.667Z"}}
{"timestamp":"2026-03-27T11:41:52.674Z","pair":"GBPUSD","action":"BUY_PUT","result":{"amount":2,"expiry":60,"timestamp":"2026-03-27T11:41:52.674Z"}}
{"timestamp":"2026-03-27T11:42:44.005Z","pair":"EURUSD","action":"BUY_CALL","result":{"amount":1,"expiry":60,"timestamp":"2026-03-27T11:42:44.005Z"}}
{"timestamp":"2026-03-27T11:42:44.008Z","pair":"GBPUSD","action":"BUY_PUT","result":{"amount":2,"expiry":60,"timestamp":"2026-03-27T11:42:44.008Z"}}
{"timestamp":"2026-03-27T11:43:30.852Z","pair":"EURUSD","action":"BUY_CALL","result":{"amount":1,"expiry":1,"timestamp":"2026-03-27T11:43:30.852Z"}}
{"timestamp":"2026-03-27T11:43:35.862Z","pair":"EURUSD","action":"CALL","result":{"pair":"EURUSD","direction":"CALL","amount":1,"result":"LOSS","profit":-1}}
{"timestamp":"2026-03-27T11:48:03.893Z","pair":"EURUSD","action":"BUY_CALL","result":{"amount":1,"expiry":1,"timestamp":"2026-03-27T11:48:03.893Z"}}
{"timestamp":"2026-03-27T11:48:08.909Z","pair":"EURUSD","action":"CALL","result":{"pair":"EURUSD","direction":"CALL","amount":1,"result":"LOSS","profit":-1}}
{"timestamp":"2026-03-27T11:51:51.320Z","pair":"EURUSD","action":"BUY_CALL","result":{"amount":1,"expiry":1,"timestamp":"2026-03-27T11:51:51.320Z"}}
{"timestamp":"2026-03-27T11:51:51.323Z","pair":"GBPUSD","action":"BUY_PUT","result":{"amount":2,"expiry":1,"timestamp":"2026-03-27T11:51:51.323Z"}}
{"timestamp":"2026-03-27T11:51:51.325Z","pair":"USDJPY","action":"BUY_PUT","result":{"amount":1,"expiry":1,"timestamp":"2026-03-27T11:51:51.325Z"}}
{"timestamp":"2026-03-27T11:51:56.347Z","pair":"USDJPY","action":"PUT","result":{"pair":"USDJPY","direction":"PUT","amount":1,"result":"ERROR","profit":-1}}
{"timestamp":"2026-03-27T11:52:53.476Z","pair":"EURUSD","action":"BUY_CALL","result":{"amount":1,"expiry":1,"timestamp":"2026-03-27T11:52:53.476Z"}}
{"timestamp":"2026-03-27T11:52:53.481Z","pair":"GBPUSD","action":"BUY_PUT","result":{"amount":2,"expiry":1,"timestamp":"2026-03-27T11:52:53.481Z"}}
{"timestamp":"2026-03-27T11:52:53.484Z","pair":"USDJPY","action":"BUY_PUT","result":{"amount":1,"expiry":1,"timestamp":"2026-03-27T11:52:53.484Z"}}
{"timestamp":"2026-03-27T11:53:23.522Z","pair":"EURUSD","action":"CALL","result":{"pair":"EURUSD","direction":"CALL","amount":1,"result":"LOSS","profit":-1,"orderId":"order_1000"}}
{"timestamp":"2026-03-27T11:53:23.542Z","pair":"USDJPY","action":"PUT","result":{"pair":"USDJPY","direction":"PUT","amount":1,"result":"LOSS","profit":-1,"orderId":"order_1002"}}
{"timestamp":"2026-03-27T11:53:38.412Z","pair":"EURUSD","action":"BUY_CALL","result":{"amount":1,"expiry":1,"timestamp":"2026-03-27T11:53:38.412Z"}}
{"timestamp":"2026-03-27T11:54:08.453Z","pair":"EURUSD","action":"CALL","result":{"pair":"EURUSD","direction":"CALL","amount":1,"result":"LOSS","profit":-1,"orderId":"order_1000"}}
{"timestamp":"2026-03-27T12:08:21.356Z","pair":"EURUSD","action":"BUY_CALL","result":{"amount":1,"expiry":1,"timestamp":"2026-03-27T12:08:21.356Z"}}
{"timestamp":"2026-03-27T12:08:21.359Z","pair":"EURUSD","action":"BUY_CALL","result":{"amount":1,"expiry":1,"timestamp":"2026-03-27T12:08:21.359Z"}}
{"timestamp":"2026-03-27T12:08:51.396Z","pair":"EURUSD","action":"CALL","result":{"pair":"EURUSD","direction":"CALL","amount":1,"result":"LOSS","profit":-1,"orderId":"order_1001"}}
